10:14:21.013 [restartedMain] WARN  c.b.m.c.m.TableInfoHelper - [initTableFields,347] - Can not find table primary key in Class: "tech.qiantong.qmodel.module.system.dal.dataobject.auth.RelUserAuthProductDO".
10:14:21.014 [restartedMain] WARN  c.g.y.i.MPJSqlInjector - [getMethodList,56] - class tech.qiantong.qmodel.module.system.dal.dataobject.auth.RelUserAuthProductDO ,Not found @TableId annotation, Cannot use Mybatis-Plus 'xxById' Method.
10:14:21.075 [restartedMain] WARN  o.d.x.f.s.s.FileStorageAutoConfiguration - [fileRecorder,52] - 没有找到 FileRecorder 的实现类，文件上传之外的部分功能无法正常使用，必须实现该接口才能使用完整功能！
10:14:24.764 [restartedMain] WARN  o.s.b.a.t.ThymeleafAutoConfiguration$DefaultTemplateResolverConfiguration - [checkTemplateLocationExists,104] - Cannot find template location: classpath:/dist/ (please add some templates or check your Thymeleaf configuration)
10:22:45.832 [http-nio-8088-exec-59] WARN  o.s.w.s.m.m.a.ExceptionHandlerExceptionResolver - [logException,208] - Resolved [tech.qiantong.qmodel.common.exception.user.CaptchaExpireException: 验证码已失效]
10:22:49.041 [http-nio-8088-exec-58] WARN  o.s.w.s.m.m.a.ExceptionHandlerExceptionResolver - [logException,208] - Resolved [tech.qiantong.qmodel.common.exception.user.CaptchaException: 验证码错误]
10:25:27.434 [lettuce-nioEventLoop-4-2] WARN  i.l.c.p.ConnectionWatchdog - [log,151] - Cannot reconnect to [127.0.0.1:12138]: Connection refused: /127.0.0.1:12138
10:25:47.036 [restartedMain] WARN  c.b.m.c.m.TableInfoHelper - [initTableFields,347] - Can not find table primary key in Class: "tech.qiantong.qmodel.module.system.dal.dataobject.auth.RelUserAuthProductDO".
10:25:47.037 [restartedMain] WARN  c.g.y.i.MPJSqlInjector - [getMethodList,56] - class tech.qiantong.qmodel.module.system.dal.dataobject.auth.RelUserAuthProductDO ,Not found @TableId annotation, Cannot use Mybatis-Plus 'xxById' Method.
10:25:47.097 [restartedMain] WARN  o.d.x.f.s.s.FileStorageAutoConfiguration - [fileRecorder,52] - 没有找到 FileRecorder 的实现类，文件上传之外的部分功能无法正常使用，必须实现该接口才能使用完整功能！
10:25:49.496 [restartedMain] WARN  o.s.b.a.t.ThymeleafAutoConfiguration$DefaultTemplateResolverConfiguration - [checkTemplateLocationExists,104] - Cannot find template location: classpath:/dist/ (please add some templates or check your Thymeleaf configuration)
10:33:03.075 [http-nio-8088-exec-65] WARN  o.s.w.s.m.m.a.ExceptionHandlerExceptionResolver - [logException,208] - Resolved [java.lang.NullPointerException]
10:33:03.349 [http-nio-8088-exec-66] WARN  o.s.w.s.m.m.a.ExceptionHandlerExceptionResolver - [logException,208] - Resolved [java.lang.NullPointerException]
15:54:53.205 [restartedMain] WARN  c.b.m.c.m.TableInfoHelper - [initTableFields,347] - Can not find table primary key in Class: "tech.qiantong.qmodel.module.system.dal.dataobject.auth.RelUserAuthProductDO".
15:54:53.206 [restartedMain] WARN  c.g.y.i.MPJSqlInjector - [getMethodList,56] - class tech.qiantong.qmodel.module.system.dal.dataobject.auth.RelUserAuthProductDO ,Not found @TableId annotation, Cannot use Mybatis-Plus 'xxById' Method.
15:54:53.267 [restartedMain] WARN  o.d.x.f.s.s.FileStorageAutoConfiguration - [fileRecorder,52] - 没有找到 FileRecorder 的实现类，文件上传之外的部分功能无法正常使用，必须实现该接口才能使用完整功能！
15:54:55.578 [restartedMain] WARN  o.s.b.a.t.ThymeleafAutoConfiguration$DefaultTemplateResolverConfiguration - [checkTemplateLocationExists,104] - Cannot find template location: classpath:/dist/ (please add some templates or check your Thymeleaf configuration)
16:14:35.318 [http-nio-8090-exec-5] WARN  o.s.w.s.m.m.a.ExceptionHandlerExceptionResolver - [logException,208] - Resolved [cn.hutool.core.io.IORuntimeException: FileNotFoundException: /Users/shaun/workspace/qModel/upload/null (No such file or directory)]
16:14:50.305 [http-nio-8090-exec-44] WARN  o.s.w.s.m.m.a.ExceptionHandlerExceptionResolver - [logException,208] - Resolved [cn.hutool.core.io.IORuntimeException: FileNotFoundException: /Users/shaun/workspace/qModel/upload/null (No such file or directory)]
16:14:55.027 [http-nio-8090-exec-47] WARN  o.s.w.s.m.m.a.ExceptionHandlerExceptionResolver - [logException,208] - Resolved [cn.hutool.core.io.IORuntimeException: FileNotFoundException: /Users/shaun/workspace/qModel/upload/null (No such file or directory)]
16:48:07.246 [http-nio-8090-exec-36] WARN  o.s.w.s.m.m.a.ExceptionHandlerExceptionResolver - [logException,208] - Resolved [tech.qiantong.qmodel.common.exception.user.CaptchaExpireException: 验证码已失效]
16:51:13.806 [http-nio-8090-exec-96] WARN  o.s.w.s.m.m.a.ExceptionHandlerExceptionResolver - [logException,208] - Resolved [cn.hutool.core.io.IORuntimeException: FileNotFoundException: /Users/shaun/workspace/qModel/upload/null (No such file or directory)]
17:53:47.507 [http-nio-8090-exec-22] WARN  o.s.w.s.m.m.a.ExceptionHandlerExceptionResolver - [logException,208] - Resolved [cn.hutool.core.io.IORuntimeException: FileNotFoundException: /Users/shaun/workspace/qModel/upload/null (No such file or directory)]
17:53:56.856 [http-nio-8090-exec-28] WARN  o.s.w.s.m.m.a.ExceptionHandlerExceptionResolver - [logException,208] - Resolved [cn.hutool.core.io.IORuntimeException: FileNotFoundException: /Users/shaun/workspace/qModel/upload/null (No such file or directory)]
18:10:03.895 [lettuce-nioEventLoop-4-2] WARN  i.l.c.p.ConnectionWatchdog - [log,151] - Cannot reconnect to [127.0.0.1:12138]: Connection refused: /127.0.0.1:12138
18:18:55.145 [restartedMain] WARN  c.b.m.c.m.TableInfoHelper - [initTableFields,347] - Can not find table primary key in Class: "tech.qiantong.qmodel.module.system.dal.dataobject.auth.RelUserAuthProductDO".
18:18:55.145 [restartedMain] WARN  c.g.y.i.MPJSqlInjector - [getMethodList,56] - class tech.qiantong.qmodel.module.system.dal.dataobject.auth.RelUserAuthProductDO ,Not found @TableId annotation, Cannot use Mybatis-Plus 'xxById' Method.
18:18:55.206 [restartedMain] WARN  o.d.x.f.s.s.FileStorageAutoConfiguration - [fileRecorder,52] - 没有找到 FileRecorder 的实现类，文件上传之外的部分功能无法正常使用，必须实现该接口才能使用完整功能！
18:18:57.807 [restartedMain] WARN  o.s.b.a.t.ThymeleafAutoConfiguration$DefaultTemplateResolverConfiguration - [checkTemplateLocationExists,104] - Cannot find template location: classpath:/dist/ (please add some templates or check your Thymeleaf configuration)
18:22:56.494 [http-nio-8090-exec-5] WARN  o.s.w.s.m.m.a.ExceptionHandlerExceptionResolver - [logException,208] - Resolved [tech.qiantong.qmodel.common.exception.user.CaptchaExpireException: 验证码已失效]
19:20:44.372 [lettuce-nioEventLoop-4-2] WARN  i.l.c.p.ConnectionWatchdog - [log,151] - Cannot reconnect to [127.0.0.1:12138]: Connection refused: /127.0.0.1:12138
19:21:08.137 [restartedMain] WARN  c.b.m.c.m.TableInfoHelper - [initTableFields,347] - Can not find table primary key in Class: "tech.qiantong.qmodel.module.system.dal.dataobject.auth.RelUserAuthProductDO".
19:21:08.137 [restartedMain] WARN  c.g.y.i.MPJSqlInjector - [getMethodList,56] - class tech.qiantong.qmodel.module.system.dal.dataobject.auth.RelUserAuthProductDO ,Not found @TableId annotation, Cannot use Mybatis-Plus 'xxById' Method.
19:21:08.197 [restartedMain] WARN  o.d.x.f.s.s.FileStorageAutoConfiguration - [fileRecorder,52] - 没有找到 FileRecorder 的实现类，文件上传之外的部分功能无法正常使用，必须实现该接口才能使用完整功能！
19:21:10.690 [restartedMain] WARN  o.s.b.a.t.ThymeleafAutoConfiguration$DefaultTemplateResolverConfiguration - [checkTemplateLocationExists,104] - Cannot find template location: classpath:/dist/ (please add some templates or check your Thymeleaf configuration)
